00:00:06.646 [nREPL-worker-0] INFO  org.eclipse.jetty.server.Server - jetty-8.1.9.v20130131
00:00:06.894 [nREPL-worker-0] INFO  o.e.jetty.server.AbstractConnector - Started SelectChannelConnector@0.0.0.0:8080
00:00:11.691 [qtp1950175420-25] INFO  io.pedestal.service.http - {:line 55, :msg "GET /"}
00:00:11.989 [qtp1950175420-18] INFO  io.pedestal.service.http - {:line 55, :msg "GET /favicon.ico"}
00:00:32.056 [qtp1950175420-23] INFO  io.pedestal.service.http - {:line 55, :msg "GET /about"}
00:00:32.149 [qtp1950175420-25] INFO  io.pedestal.service.http - {:line 55, :msg "GET /favicon.ico"}
00:01:45.653 [qtp1950175420-18] INFO  io.pedestal.service.http - {:line 55, :msg "GET /seats"}
00:01:45.722 [qtp1950175420-23] INFO  io.pedestal.service.http - {:line 55, :msg "GET /favicon.ico"}
00:01:46.635 [qtp1950175420-21] INFO  io.pedestal.service.http - {:line 55, :msg "GET /seats"}
00:01:46.672 [qtp1950175420-22] INFO  io.pedestal.service.http - {:line 55, :msg "GET /favicon.ico"}
00:01:50.856 [nREPL-worker-1] INFO  o.e.j.server.handler.ContextHandler - stopped o.e.j.s.ServletContextHandler{/,null}
00:01:53.108 [nREPL-worker-1] INFO  org.eclipse.jetty.server.Server - jetty-8.1.9.v20130131
00:01:53.110 [nREPL-worker-1] INFO  o.e.jetty.server.AbstractConnector - Started SelectChannelConnector@0.0.0.0:8080
00:01:55.125 [qtp634788693-33] INFO  io.pedestal.service.http - {:line 55, :msg "GET /seats"}
00:01:55.173 [qtp634788693-34] INFO  io.pedestal.service.http - {:line 55, :msg "GET /favicon.ico"}
00:01:55.548 [qtp634788693-31] INFO  io.pedestal.service.http - {:line 55, :msg "GET /seats"}
00:01:55.590 [qtp634788693-32] INFO  io.pedestal.service.http - {:line 55, :msg "GET /favicon.ico"}
00:01:55.724 [qtp634788693-33] INFO  io.pedestal.service.http - {:line 55, :msg "GET /seats"}
00:01:55.764 [qtp634788693-34] INFO  io.pedestal.service.http - {:line 55, :msg "GET /favicon.ico"}
00:01:55.908 [qtp634788693-29] INFO  io.pedestal.service.http - {:line 55, :msg "GET /seats"}
00:01:55.949 [qtp634788693-30] INFO  io.pedestal.service.http - {:line 55, :msg "GET /favicon.ico"}
00:01:56.116 [qtp634788693-32] INFO  io.pedestal.service.http - {:line 55, :msg "GET /seats"}
00:01:56.154 [qtp634788693-33] INFO  io.pedestal.service.http - {:line 55, :msg "GET /favicon.ico"}
00:01:56.284 [qtp634788693-34] INFO  io.pedestal.service.http - {:line 55, :msg "GET /seats"}
00:01:56.321 [qtp634788693-29] INFO  io.pedestal.service.http - {:line 55, :msg "GET /favicon.ico"}
00:01:57.076 [qtp634788693-30] INFO  io.pedestal.service.http - {:line 55, :msg "GET /seats"}
00:01:57.112 [qtp634788693-32] INFO  io.pedestal.service.http - {:line 55, :msg "GET /favicon.ico"}
00:02:06.329 [nREPL-worker-1] INFO  org.eclipse.jetty.server.Server - jetty-8.1.9.v20130131
00:02:06.357 [nREPL-worker-1] WARN  o.e.j.u.component.AbstractLifeCycle - FAILED SelectChannelConnector@0.0.0.0:8080: java.net.BindException: Address already in use
java.net.BindException: Address already in use
	at sun.nio.ch.Net.bind0(Native Method) ~[na:1.7.0_13]
	at sun.nio.ch.Net.bind(Net.java:344) ~[na:1.7.0_13]
	at sun.nio.ch.Net.bind(Net.java:336) ~[na:1.7.0_13]
	at sun.nio.ch.ServerSocketChannelImpl.bind(ServerSocketChannelImpl.java:199) ~[na:1.7.0_13]
	at sun.nio.ch.ServerSocketAdaptor.bind(ServerSocketAdaptor.java:74) ~[na:1.7.0_13]
	at org.eclipse.jetty.server.nio.SelectChannelConnector.open(SelectChannelConnector.java:187) ~[jetty-server-8.1.9.v20130131.jar:8.1.9.v20130131]
	at org.eclipse.jetty.server.AbstractConnector.doStart(AbstractConnector.java:316) ~[jetty-server-8.1.9.v20130131.jar:8.1.9.v20130131]
	at org.eclipse.jetty.server.nio.SelectChannelConnector.doStart(SelectChannelConnector.java:265) ~[jetty-server-8.1.9.v20130131.jar:8.1.9.v20130131]
	at org.eclipse.jetty.util.component.AbstractLifeCycle.start(AbstractLifeCycle.java:64) [jetty-util-8.1.9.v20130131.jar:8.1.9.v20130131]
	at org.eclipse.jetty.server.Server.doStart(Server.java:291) [jetty-server-8.1.9.v20130131.jar:8.1.9.v20130131]
	at org.eclipse.jetty.util.component.AbstractLifeCycle.start(AbstractLifeCycle.java:64) [jetty-util-8.1.9.v20130131.jar:8.1.9.v20130131]
	at io.pedestal.service.http.jetty$start.invoke(jetty.clj:83) [na:na]
	at io.pedestal.service.http.jetty$server$fn__3869.invoke(jetty.clj:94) [na:na]
	at io.pedestal.service.http$start.invoke(http.clj:156) [na:na]
	at dev$start.doInvoke(dev.clj:28) [na:na]
	at clojure.lang.RestFn.invoke(RestFn.java:397) [clojure-1.5.0.jar:na]
	at booking.server$eval3880.invoke(NO_SOURCE_FILE:1) [na:na]
	at clojure.lang.Compiler.eval(Compiler.java:6619) [clojure-1.5.0.jar:na]
	at clojure.lang.Compiler.eval(Compiler.java:6582) [clojure-1.5.0.jar:na]
	at clojure.core$eval.invoke(core.clj:2852) [clojure-1.5.0.jar:na]
	at clojure.main$repl$read_eval_print__6602$fn__6605.invoke(main.clj:259) [clojure-1.5.0.jar:na]
	at clojure.main$repl$read_eval_print__6602.invoke(main.clj:259) [clojure-1.5.0.jar:na]
	at clojure.main$repl$fn__6611$fn__6612.invoke(main.clj:277) [clojure-1.5.0.jar:na]
	at clojure.main$repl$fn__6611.invoke(main.clj:277) [clojure-1.5.0.jar:na]
	at clojure.main$repl.doInvoke(main.clj:275) [clojure-1.5.0.jar:na]
	at clojure.lang.RestFn.invoke(RestFn.java:1096) [clojure-1.5.0.jar:na]
	at clojure.tools.nrepl.middleware.interruptible_eval$evaluate$fn__590.invoke(interruptible_eval.clj:56) [na:na]
	at clojure.lang.AFn.applyToHelper(AFn.java:159) [clojure-1.5.0.jar:na]
	at clojure.lang.AFn.applyTo(AFn.java:151) [clojure-1.5.0.jar:na]
	at clojure.core$apply.invoke(core.clj:617) [clojure-1.5.0.jar:na]
	at clojure.core$with_bindings_STAR_.doInvoke(core.clj:1788) [clojure-1.5.0.jar:na]
	at clojure.lang.RestFn.invoke(RestFn.java:425) [clojure-1.5.0.jar:na]
	at clojure.tools.nrepl.middleware.interruptible_eval$evaluate.invoke(interruptible_eval.clj:41) [na:na]
	at clojure.tools.nrepl.middleware.interruptible_eval$interruptible_eval$fn__631$fn__634.invoke(interruptible_eval.clj:171) [na:na]
	at clojure.core$comp$fn__4162.invoke(core.clj:2330) [clojure-1.5.0.jar:na]
	at clojure.tools.nrepl.middleware.interruptible_eval$run_next$fn__624.invoke(interruptible_eval.clj:138) [na:na]
	at clojure.lang.AFn.run(AFn.java:24) [clojure-1.5.0.jar:na]
	at java.util.concurrent.ThreadPoolExecutor.runWorker(ThreadPoolExecutor.java:1145) [na:1.7.0_13]
	at java.util.concurrent.ThreadPoolExecutor$Worker.run(ThreadPoolExecutor.java:615) [na:1.7.0_13]
	at java.lang.Thread.run(Thread.java:722) [na:1.7.0_13]
00:02:06.359 [nREPL-worker-1] WARN  o.e.j.u.component.AbstractLifeCycle - FAILED org.eclipse.jetty.server.Server@5920fac0: java.net.BindException: Address already in use
java.net.BindException: Address already in use
	at sun.nio.ch.Net.bind0(Native Method) ~[na:1.7.0_13]
	at sun.nio.ch.Net.bind(Net.java:344) ~[na:1.7.0_13]
	at sun.nio.ch.Net.bind(Net.java:336) ~[na:1.7.0_13]
	at sun.nio.ch.ServerSocketChannelImpl.bind(ServerSocketChannelImpl.java:199) ~[na:1.7.0_13]
	at sun.nio.ch.ServerSocketAdaptor.bind(ServerSocketAdaptor.java:74) ~[na:1.7.0_13]
	at org.eclipse.jetty.server.nio.SelectChannelConnector.open(SelectChannelConnector.java:187) ~[jetty-server-8.1.9.v20130131.jar:8.1.9.v20130131]
	at org.eclipse.jetty.server.AbstractConnector.doStart(AbstractConnector.java:316) ~[jetty-server-8.1.9.v20130131.jar:8.1.9.v20130131]
	at org.eclipse.jetty.server.nio.SelectChannelConnector.doStart(SelectChannelConnector.java:265) ~[jetty-server-8.1.9.v20130131.jar:8.1.9.v20130131]
	at org.eclipse.jetty.util.component.AbstractLifeCycle.start(AbstractLifeCycle.java:64) ~[jetty-util-8.1.9.v20130131.jar:8.1.9.v20130131]
	at org.eclipse.jetty.server.Server.doStart(Server.java:291) ~[jetty-server-8.1.9.v20130131.jar:8.1.9.v20130131]
	at org.eclipse.jetty.util.component.AbstractLifeCycle.start(AbstractLifeCycle.java:64) ~[jetty-util-8.1.9.v20130131.jar:8.1.9.v20130131]
	at io.pedestal.service.http.jetty$start.invoke(jetty.clj:83) [na:na]
	at io.pedestal.service.http.jetty$server$fn__3869.invoke(jetty.clj:94) [na:na]
	at io.pedestal.service.http$start.invoke(http.clj:156) [na:na]
	at dev$start.doInvoke(dev.clj:28) [na:na]
	at clojure.lang.RestFn.invoke(RestFn.java:397) [clojure-1.5.0.jar:na]
	at booking.server$eval3880.invoke(NO_SOURCE_FILE:1) [na:na]
	at clojure.lang.Compiler.eval(Compiler.java:6619) [clojure-1.5.0.jar:na]
	at clojure.lang.Compiler.eval(Compiler.java:6582) [clojure-1.5.0.jar:na]
	at clojure.core$eval.invoke(core.clj:2852) [clojure-1.5.0.jar:na]
	at clojure.main$repl$read_eval_print__6602$fn__6605.invoke(main.clj:259) [clojure-1.5.0.jar:na]
	at clojure.main$repl$read_eval_print__6602.invoke(main.clj:259) [clojure-1.5.0.jar:na]
	at clojure.main$repl$fn__6611$fn__6612.invoke(main.clj:277) [clojure-1.5.0.jar:na]
	at clojure.main$repl$fn__6611.invoke(main.clj:277) [clojure-1.5.0.jar:na]
	at clojure.main$repl.doInvoke(main.clj:275) [clojure-1.5.0.jar:na]
	at clojure.lang.RestFn.invoke(RestFn.java:1096) [clojure-1.5.0.jar:na]
	at clojure.tools.nrepl.middleware.interruptible_eval$evaluate$fn__590.invoke(interruptible_eval.clj:56) [na:na]
	at clojure.lang.AFn.applyToHelper(AFn.java:159) [clojure-1.5.0.jar:na]
	at clojure.lang.AFn.applyTo(AFn.java:151) [clojure-1.5.0.jar:na]
	at clojure.core$apply.invoke(core.clj:617) [clojure-1.5.0.jar:na]
	at clojure.core$with_bindings_STAR_.doInvoke(core.clj:1788) [clojure-1.5.0.jar:na]
	at clojure.lang.RestFn.invoke(RestFn.java:425) [clojure-1.5.0.jar:na]
	at clojure.tools.nrepl.middleware.interruptible_eval$evaluate.invoke(interruptible_eval.clj:41) [na:na]
	at clojure.tools.nrepl.middleware.interruptible_eval$interruptible_eval$fn__631$fn__634.invoke(interruptible_eval.clj:171) [na:na]
	at clojure.core$comp$fn__4162.invoke(core.clj:2330) [clojure-1.5.0.jar:na]
	at clojure.tools.nrepl.middleware.interruptible_eval$run_next$fn__624.invoke(interruptible_eval.clj:138) [na:na]
	at clojure.lang.AFn.run(AFn.java:24) [clojure-1.5.0.jar:na]
	at java.util.concurrent.ThreadPoolExecutor.runWorker(ThreadPoolExecutor.java:1145) [na:1.7.0_13]
	at java.util.concurrent.ThreadPoolExecutor$Worker.run(ThreadPoolExecutor.java:615) [na:1.7.0_13]
	at java.lang.Thread.run(Thread.java:722) [na:1.7.0_13]
00:05:36.999 [nREPL-worker-0] INFO  org.eclipse.jetty.server.Server - jetty-8.1.9.v20130131
00:05:37.084 [nREPL-worker-0] INFO  o.e.jetty.server.AbstractConnector - Started SelectChannelConnector@0.0.0.0:8080
00:05:39.230 [qtp1358707091-25] INFO  io.pedestal.service.http - {:line 55, :msg "GET /seats"}
